Actel Designer Software
Version: 10.1.3.1
Release: v10.1 SP3

Info: The design TOPLEVEL.adb was last modified by software version 10.1.3.1.
Opened an existing Libero design TOPLEVEL.adb.
'BA_NAME' set to 'TOPLEVEL_ba'
'IDE_DESIGNERVIEW_NAME' set to 'Impl1'
'IDE_DESIGNERVIEW_COUNT' set to '1'
'IDE_DESIGNERVIEW_REV0' set to 'Impl1'
'IDE_DESIGNERVIEW_REVNUM0' set to '1'
'IDE_DESIGNERVIEW_ROOTDIR' set to
'Z:\russ\private\research\senseye\git\sw\smartfusion\impl\libero\insight\designer'
'IDE_DESIGNERVIEW_LASTREV' set to '1'
Wrote timing report to file: TOPLEVEL_maxdelay_timing_report.txt

The Report command succeeded ( 00:00:04 )
Wrote timing report to file: TOPLEVEL_mindelay_timing_report.txt

The Report command succeeded ( 00:00:01 )
Wrote timing_violations report to file: TOPLEVEL_maxdelay_timingviolations_report.txt

The Report command succeeded ( 00:00:00 )
Wrote timing_violations report to file: TOPLEVEL_mindelay_timingviolations_report.txt

The Report command succeeded ( 00:00:00 )
Design saved to file
Z:\russ\private\research\senseye\git\sw\smartfusion\impl\libero\insight\designer\impl1\TOPLEVEL\
.adb.

The Execute Script command succeeded ( 00:00:08 )
Design closed.

