C:\Microsemi\Libero_v10.1\Synopsys\synplify_F201203MSP1\bin64\c_ver.exe  -prodtype  synplify_pro  -osyn  Z:\russ\private\research\insight\git\hw\smartfusion\impl\meyesight\synthesis\synwork\TOPLEVEL_compiler.srs  -top  TOPLEVEL  -nram -fixsmult   -divnmod -I Z:\russ\private\research\insight\git\hw\smartfusion\impl\meyesight\synthesis\  -I C:\Microsemi\Libero_v10.1\Synopsys\synplify_F201203MSP1\lib  -v2001  -devicelib  C:\Microsemi\Libero_v10.1\Synopsys\synplify_F201203MSP1\lib\proasic\smartfusion.v  -encrypt  -pro  -dmgen  Z:\russ\private\research\insight\git\hw\smartfusion\impl\meyesight\synthesis\dm  -ll 2000   -ui -fid2 -ram -sharing on  -autosm -lib work Z:\russ\private\research\insight\git\hw\smartfusion\impl\meyesight\hdl\adc081s101.v -lib work Z:\russ\private\research\insight\git\hw\smartfusion\impl\meyesight\hdl\clkgenerator.v -lib work Z:\russ\private\research\insight\git\hw\smartfusion\impl\meyesight\component\Actel\SmartFusionMSS\MSS\2.5.106\mss_comps.v -lib work Z:\russ\private\research\insight\git\hw\smartfusion\impl\meyesight\component\work\MSS_CORE2\mss_tshell.v -lib work Z:\russ\private\research\insight\git\hw\smartfusion\impl\meyesight\component\work\MSS_CORE2\MSS_CCC_0\MSS_CORE2_tmp_MSS_CCC_0_MSS_CCC.v -lib work Z:\russ\private\research\insight\git\hw\smartfusion\impl\meyesight\component\work\MSS_CORE2\MSS_CORE2.v -lib work Z:\russ\private\research\insight\git\hw\smartfusion\impl\meyesight\hdl\ahb.v -lib work Z:\russ\private\research\insight\git\hw\smartfusion\impl\meyesight\hdl\cr_int.v -lib work Z:\russ\private\research\insight\git\hw\smartfusion\impl\meyesight\hdl\psram_cr.v -lib work Z:\russ\private\research\insight\git\hw\smartfusion\impl\meyesight\hdl\stonyman.v -lib COREAHBLITE_LIB Z:\russ\private\research\insight\git\hw\smartfusion\impl\meyesight\component\Actel\DirectCore\CoreAHBLite\3.1.102\rtl\vlog\core_obfuscated\coreahblite_addrdec.v -lib COREAHBLITE_LIB Z:\russ\private\research\insight\git\hw\smartfusion\impl\meyesight\component\Actel\DirectCore\CoreAHBLite\3.1.102\rtl\vlog\core_obfuscated\coreahblite_defaultslavesm.v -lib COREAHBLITE_LIB Z:\russ\private\research\insight\git\hw\smartfusion\impl\meyesight\component\Actel\DirectCore\CoreAHBLite\3.1.102\rtl\vlog\core_obfuscated\coreahblite_masterstage.v -lib COREAHBLITE_LIB Z:\russ\private\research\insight\git\hw\smartfusion\impl\meyesight\component\Actel\DirectCore\CoreAHBLite\3.1.102\rtl\vlog\core_obfuscated\coreahblite_slavearbiter.v -lib COREAHBLITE_LIB Z:\russ\private\research\insight\git\hw\smartfusion\impl\meyesight\component\Actel\DirectCore\CoreAHBLite\3.1.102\rtl\vlog\core_obfuscated\coreahblite_slavestage.v -lib COREAHBLITE_LIB Z:\russ\private\research\insight\git\hw\smartfusion\impl\meyesight\component\Actel\DirectCore\CoreAHBLite\3.1.102\rtl\vlog\core_obfuscated\coreahblite_initcfg_awrap.v -lib COREAHBLITE_LIB Z:\russ\private\research\insight\git\hw\smartfusion\impl\meyesight\component\Actel\DirectCore\CoreAHBLite\3.1.102\rtl\vlog\core_obfuscated\coreahblite_initcfg.v -lib COREAHBLITE_LIB Z:\russ\private\research\insight\git\hw\smartfusion\impl\meyesight\component\Actel\DirectCore\CoreAHBLite\3.1.102\rtl\vlog\core_obfuscated\coreahblite_matrix2x16.v -lib COREAHBLITE_LIB Z:\russ\private\research\insight\git\hw\smartfusion\impl\meyesight\component\Actel\DirectCore\CoreAHBLite\3.1.102\rtl\vlog\core_obfuscated\coreahblite.v -lib work Z:\russ\private\research\insight\git\hw\smartfusion\impl\meyesight\component\work\TOPLEVEL\TOPLEVEL.v -loga  Z:\russ\private\research\insight\git\hw\smartfusion\impl\meyesight\synthesis\TOPLEVEL.srr 
rc:1 success:1
Z:\russ\private\research\insight\git\hw\smartfusion\impl\meyesight\synthesis\synwork\TOPLEVEL_compiler.srs|o|1361868972|158138
C:\Microsemi\Libero_v10.1\Synopsys\synplify_F201203MSP1\lib\proasic\smartfusion.v|i|1340030416|72817
Z:\russ\private\research\insight\git\hw\smartfusion\impl\meyesight\hdl\adc081s101.v|i|1361867674|2720
Z:\russ\private\research\insight\git\hw\smartfusion\impl\meyesight\hdl\clkgenerator.v|i|1361865159|1298
Z:\russ\private\research\insight\git\hw\smartfusion\impl\meyesight\component\Actel\SmartFusionMSS\MSS\2.5.106\mss_comps.v|i|1360612688|11243
Z:\russ\private\research\insight\git\hw\smartfusion\impl\meyesight\component\work\MSS_CORE2\mss_tshell.v|i|1360612688|12560
Z:\russ\private\research\insight\git\hw\smartfusion\impl\meyesight\component\work\MSS_CORE2\MSS_CCC_0\MSS_CORE2_tmp_MSS_CCC_0_MSS_CCC.v|i|1360612688|2905
Z:\russ\private\research\insight\git\hw\smartfusion\impl\meyesight\component\work\MSS_CORE2\MSS_CORE2.v|i|1360612688|12518
Z:\russ\private\research\insight\git\hw\smartfusion\impl\meyesight\hdl\ahb.v|i|1360612688|5676
Z:\russ\private\research\insight\git\hw\smartfusion\impl\meyesight\hdl\cr_int.v|i|1360612688|4483
Z:\russ\private\research\insight\git\hw\smartfusion\impl\meyesight\hdl\psram_cr.v|i|1360612688|2343
Z:\russ\private\research\insight\git\hw\smartfusion\impl\meyesight\hdl\stonyman.v|i|1361863234|47759
Z:\russ\private\research\insight\git\hw\smartfusion\impl\meyesight\component\Actel\DirectCore\CoreAHBLite\3.1.102\rtl\vlog\core_obfuscated\coreahblite_addrdec.v|i|1360717847|7717
Z:\russ\private\research\insight\git\hw\smartfusion\impl\meyesight\component\Actel\DirectCore\CoreAHBLite\3.1.102\rtl\vlog\core_obfuscated\coreahblite_defaultslavesm.v|i|1360717848|1299
Z:\russ\private\research\insight\git\hw\smartfusion\impl\meyesight\component\Actel\DirectCore\CoreAHBLite\3.1.102\rtl\vlog\core_obfuscated\coreahblite_masterstage.v|i|1360717848|25186
Z:\russ\private\research\insight\git\hw\smartfusion\impl\meyesight\component\Actel\DirectCore\CoreAHBLite\3.1.102\rtl\vlog\core_obfuscated\coreahblite_slavearbiter.v|i|1360717848|3648
Z:\russ\private\research\insight\git\hw\smartfusion\impl\meyesight\component\Actel\DirectCore\CoreAHBLite\3.1.102\rtl\vlog\core_obfuscated\coreahblite_slavestage.v|i|1360717848|4540
Z:\russ\private\research\insight\git\hw\smartfusion\impl\meyesight\component\Actel\DirectCore\CoreAHBLite\3.1.102\rtl\vlog\core_obfuscated\coreahblite_initcfg_awrap.v|i|1360717848|4604
Z:\russ\private\research\insight\git\hw\smartfusion\impl\meyesight\component\Actel\DirectCore\CoreAHBLite\3.1.102\rtl\vlog\core_obfuscated\coreahblite_initcfg.v|i|1360717848|6699
Z:\russ\private\research\insight\git\hw\smartfusion\impl\meyesight\component\Actel\DirectCore\CoreAHBLite\3.1.102\rtl\vlog\core_obfuscated\coreahblite_matrix2x16.v|i|1360717848|116411
Z:\russ\private\research\insight\git\hw\smartfusion\impl\meyesight\component\Actel\DirectCore\CoreAHBLite\3.1.102\rtl\vlog\core_obfuscated\coreahblite.v|i|1360717848|28650
Z:\russ\private\research\insight\git\hw\smartfusion\impl\meyesight\component\work\TOPLEVEL\TOPLEVEL.v|i|1361868947|32531
Z:\russ\private\research\insight\git\hw\smartfusion\impl\meyesight\synthesis\TOPLEVEL.srr|o|1361868972|57518
C:\Microsemi\Libero_v10.1\Synopsys\synplify_F201203MSP1\bin64\c_ver.exe|i|1340030306|5529088
C:\Microsemi\Libero_v10.1\Synopsys\synplify_F201203MSP1\bin\c_ver.exe|i|1340030294|2039808
