
AMBA BFM Compiler (BETA Version 2.1.107 04Feb09) 
  Reading
   Processing ./coreahblite_usertb_ahb_master0.bfm
   Processing coreahblite_usertb_include.bfm
  Enumerating
  Assigning
  Checking
   Checking Complete
   51 Global  localconstants Defined
   73 Global  localvariables Defined
  Writing Vectors ./coreahblite_usertb_ahb_master0.vec
   Commands Generated 432
   Vectors Generated 2255
   Vector CheckSum 1f6c23fb

BFM Compiler Completed Okay

AMBA BFM Compiler (BETA Version 2.1.107 04Feb09) 
  Reading
   Processing ./coreahblite_usertb_ahb_master1.bfm
   Processing coreahblite_usertb_include.bfm
  Enumerating
  Assigning
  Checking
   Checking Complete
   51 Global  localconstants Defined
   73 Global  localvariables Defined
  Writing Vectors ./coreahblite_usertb_ahb_master1.vec
   Commands Generated 432
   Vectors Generated 2255
   Vector CheckSum 1e88245b

BFM Compiler Completed Okay
