Target Part: A2F500M3G_FBGA484_Std
Report for cell TOPLEVEL.verilog
  Core Cell usage:
              cell count     area count*area
               AO1    42      1.0       42.0
              AO1A    13      1.0       13.0
              AO1B     1      1.0        1.0
              AOI1     2      1.0        2.0
              AX1A     2      1.0        2.0
              AX1E     1      1.0        1.0
            CLKINT     1      0.0        0.0
               GND    13      0.0        0.0
           MSS_AHB     1      0.0        0.0
           MSS_CCC     1      0.0        0.0
               MX2   128      1.0      128.0
              MX2B    80      1.0       80.0
              MX2C     1      1.0        1.0
              NOR2    21      1.0       21.0
             NOR2A    17      1.0       17.0
             NOR2B   333      1.0      333.0
              NOR3     1      1.0        1.0
             NOR3A    17      1.0       17.0
             NOR3B    28      1.0       28.0
             NOR3C    30      1.0       30.0
               OA1     2      1.0        2.0
              OA1A     1      1.0        1.0
              OA1B     2      1.0        2.0
              OA1C     3      1.0        3.0
              OAI1     2      1.0        2.0
               OR2     6      1.0        6.0
              OR2A    12      1.0       12.0
              OR2B     7      1.0        7.0
               OR3    20      1.0       20.0
              OR3A     2      1.0        2.0
              OR3B    32      1.0       32.0
            PLLINT     1      0.0        0.0
               VCC    13      0.0        0.0
              XA1B     1      1.0        1.0
             XNOR2     1      1.0        1.0
               XO1     1      1.0        1.0
              XOR2     1      1.0        1.0


              DFN1   186      1.0      186.0
            DFN1C0     9      1.0        9.0
          DFN1E0C0    33      1.0       33.0
            DFN1E1    36      1.0       36.0
          DFN1E1C0    24      1.0       24.0
            DFN1P0     1      1.0        1.0
                   -----          ----------
             TOTAL  1129              1099.0


  IO Cell usage:
              cell count
             BIBUF    16
         BIBUF_MSS     1
             INBUF     1
         INBUF_MSS     6
        MSS_XTLOSC     1
            OUTBUF    43
        OUTBUF_MSS     5
                   -----
             TOTAL    73


Core Cells         : 1099 of 11520 (10%)
IO Cells           : 73

  RAM/ROM Usage Summary
Block Rams : 0 of 24 (0%)

