Actel Designer Software
Version: 10.1.3.1
Release: v10.1 SP3

Info: The design
      Z:/russ/private/research/insight/git/hw/impl/smartfusion/capture/designer/impl1/mss_captu\
      re.adb was last modified by software version 10.1.3.1.
Opened an existing Libero design
Z:/russ/private/research/insight/git/hw/impl/smartfusion/capture/designer/impl1/mss_capture.adb.
Warning: Overwriting the existing file:
         Z:/russ/private/research/insight/git/hw/impl/smartfusion/capture/designer/impl1/mss_ca\
         pture.fdb.

The Export-map command succeeded ( 00:00:13 )
CHECKSUM: C913
Wrote to the file:
Z:\russ\private\research\insight\git\hw\impl\smartfusion\capture\designer\impl1\mss_capture.fdb

The Export command succeeded ( 00:00:14 )
Design saved to file
Z:/russ/private/research/insight/git/hw/impl/smartfusion/capture/designer/impl1/mss_capture.adb.

The Execute Script command succeeded ( 00:00:16 )
Design closed.

