Actel Designer Software
Version: 10.1.3.1
Release: v10.1 SP3

Info: The design
      Z:/russ/private/research/insight/git/hw/smartfusion/impl/insight/designer/impl1/TOPLEVEL.\
      adb was last modified by software version 10.1.3.1.
Opened an existing Libero design
Z:/russ/private/research/insight/git/hw/smartfusion/impl/insight/designer/impl1/TOPLEVEL.adb.
Warning: Overwriting the existing file:
         Z:/russ/private/research/insight/git/hw/smartfusion/impl/insight/designer/impl1/TOPLEV\
         EL.fdb.

The Export-map command succeeded ( 00:00:14 )
CHECKSUM: 618E
Wrote to the file:
Z:\russ\private\research\insight\git\hw\smartfusion\impl\insight\designer\impl1\TOPLEVEL.fdb

The Export command succeeded ( 00:00:17 )
Design saved to file
Z:/russ/private/research/insight/git/hw/smartfusion/impl/insight/designer/impl1/TOPLEVEL.adb.

The Execute Script command succeeded ( 00:00:18 )
Design closed.

