C:\Microsemi\Libero_v10.1\Synopsys\synplify_F201203MSP1\bin64\c_ver.exe  -prodtype  synplify_pro  -osyn  Z:\russ\private\research\insight\git\sw\smartfusion\impl\libero\insight\synthesis\synwork\TOPLEVEL_compiler.srs  -top  TOPLEVEL  -nram -fixsmult   -divnmod -I Z:\russ\private\research\insight\git\sw\smartfusion\impl\libero\insight\synthesis\  -I C:\Microsemi\Libero_v10.1\Synopsys\synplify_F201203MSP1\lib  -v2001  -devicelib  C:\Microsemi\Libero_v10.1\Synopsys\synplify_F201203MSP1\lib\proasic\smartfusion.v  -encrypt  -pro  -dmgen  Z:\russ\private\research\insight\git\sw\smartfusion\impl\libero\insight\synthesis\dm  -ll 2000   -ui -fid2 -ram -sharing on  -autosm -lib work Z:\russ\private\research\insight\git\sw\smartfusion\impl\libero\insight\hdl\adc081s101.v -lib work Z:\russ\private\research\insight\git\sw\smartfusion\impl\libero\insight\hdl\clkgenerator.v -lib work Z:\russ\private\research\insight\git\sw\smartfusion\impl\libero\insight\component\Actel\DirectCore\COREAHBTOAPB3\2.0.116\rtl\vlog\core_obfuscated\ahbtoapbsm.v -lib work Z:\russ\private\research\insight\git\sw\smartfusion\impl\libero\insight\component\Actel\DirectCore\COREAHBTOAPB3\2.0.116\rtl\vlog\core_obfuscated\penablescheduler.v -lib work Z:\russ\private\research\insight\git\sw\smartfusion\impl\libero\insight\component\Actel\DirectCore\COREAHBTOAPB3\2.0.116\rtl\vlog\core_obfuscated\apbaddrdata.v -lib work Z:\russ\private\research\insight\git\sw\smartfusion\impl\libero\insight\component\Actel\DirectCore\COREAHBTOAPB3\2.0.116\rtl\vlog\core_obfuscated\coreahbtoapb3.v -lib work Z:\russ\private\research\insight\git\sw\smartfusion\impl\libero\insight\hdl\counter.v -lib work Z:\russ\private\research\insight\git\sw\smartfusion\impl\libero\insight\hdl\fifo_32bit_apb3.v -lib work Z:\russ\private\research\insight\git\sw\smartfusion\impl\libero\insight\smartgen\FIFO_PIXEL\FIFO_PIXEL.v -lib work Z:\russ\private\research\insight\git\sw\smartfusion\impl\libero\insight\smartgen\FIFO_TEST_COUNTER\FIFO_TEST_COUNTER.v -lib work Z:\russ\private\research\insight\git\sw\smartfusion\impl\libero\insight\hdl\inputConditioner.v -lib work Z:\russ\private\research\insight\git\sw\smartfusion\impl\libero\insight\component\work\MSS_CORE2\mss_tshell.v -lib work Z:\russ\private\research\insight\git\sw\smartfusion\impl\libero\insight\component\Actel\SmartFusionMSS\MSS\2.5.106\mss_comps.v -lib work Z:\russ\private\research\insight\git\sw\smartfusion\impl\libero\insight\component\work\MSS_CORE2\MSS_CCC_0\MSS_CORE2_tmp_MSS_CCC_0_MSS_CCC.v -lib work Z:\russ\private\research\insight\git\sw\smartfusion\impl\libero\insight\component\work\MSS_CORE2\MSS_CORE2.v -lib work Z:\russ\private\research\insight\git\sw\smartfusion\impl\libero\insight\hdl\ahb.v -lib work Z:\russ\private\research\insight\git\sw\smartfusion\impl\libero\insight\hdl\cr_int.v -lib work Z:\russ\private\research\insight\git\sw\smartfusion\impl\libero\insight\hdl\psram_cr.v -lib work Z:\russ\private\research\insight\git\sw\smartfusion\impl\libero\insight\hdl\stonyman.v -lib COREAHBLITE_LIB Z:\russ\private\research\insight\git\sw\smartfusion\impl\libero\insight\component\Actel\DirectCore\CoreAHBLite\3.1.102\rtl\vlog\core_obfuscated\coreahblite_addrdec.v -lib COREAHBLITE_LIB Z:\russ\private\research\insight\git\sw\smartfusion\impl\libero\insight\component\Actel\DirectCore\CoreAHBLite\3.1.102\rtl\vlog\core_obfuscated\coreahblite_defaultslavesm.v -lib COREAHBLITE_LIB Z:\russ\private\research\insight\git\sw\smartfusion\impl\libero\insight\component\Actel\DirectCore\CoreAHBLite\3.1.102\rtl\vlog\core_obfuscated\coreahblite_masterstage.v -lib COREAHBLITE_LIB Z:\russ\private\research\insight\git\sw\smartfusion\impl\libero\insight\component\Actel\DirectCore\CoreAHBLite\3.1.102\rtl\vlog\core_obfuscated\coreahblite_slavearbiter.v -lib COREAHBLITE_LIB Z:\russ\private\research\insight\git\sw\smartfusion\impl\libero\insight\component\Actel\DirectCore\CoreAHBLite\3.1.102\rtl\vlog\core_obfuscated\coreahblite_slavestage.v -lib COREAHBLITE_LIB Z:\russ\private\research\insight\git\sw\smartfusion\impl\libero\insight\component\Actel\DirectCore\CoreAHBLite\3.1.102\rtl\vlog\core_obfuscated\coreahblite_initcfg_awrap.v -lib COREAHBLITE_LIB Z:\russ\private\research\insight\git\sw\smartfusion\impl\libero\insight\component\Actel\DirectCore\CoreAHBLite\3.1.102\rtl\vlog\core_obfuscated\coreahblite_initcfg.v -lib COREAHBLITE_LIB Z:\russ\private\research\insight\git\sw\smartfusion\impl\libero\insight\component\Actel\DirectCore\CoreAHBLite\3.1.102\rtl\vlog\core_obfuscated\coreahblite_matrix2x16.v -lib COREAHBLITE_LIB Z:\russ\private\research\insight\git\sw\smartfusion\impl\libero\insight\component\Actel\DirectCore\CoreAHBLite\3.1.102\rtl\vlog\core_obfuscated\coreahblite.v -lib COREAPB3_LIB Z:\russ\private\research\insight\git\sw\smartfusion\impl\libero\insight\component\Actel\DirectCore\CoreAPB3\3.0.103\rtl\vlog\core_obfuscated\coreapb3_muxptob3.v -lib COREAPB3_LIB Z:\russ\private\research\insight\git\sw\smartfusion\impl\libero\insight\component\Actel\DirectCore\CoreAPB3\3.0.103\rtl\vlog\core_obfuscated\coreapb3.v -lib work Z:\russ\private\research\insight\git\sw\smartfusion\impl\libero\insight\component\work\TOPLEVEL\TOPLEVEL.v -loga  Z:\russ\private\research\insight\git\sw\smartfusion\impl\libero\insight\synthesis\TOPLEVEL.srr 
rc:1 success:1
Z:\russ\private\research\insight\git\sw\smartfusion\impl\libero\insight\synthesis\synwork\TOPLEVEL_compiler.srs|o|1362558295|202102
C:\Microsemi\Libero_v10.1\Synopsys\synplify_F201203MSP1\lib\proasic\smartfusion.v|i|1340030416|72817
Z:\russ\private\research\insight\git\sw\smartfusion\impl\libero\insight\hdl\adc081s101.v|i|1362534076|3524
Z:\russ\private\research\insight\git\sw\smartfusion\impl\libero\insight\hdl\clkgenerator.v|i|1362534100|1306
Z:\russ\private\research\insight\git\sw\smartfusion\impl\libero\insight\component\Actel\DirectCore\COREAHBTOAPB3\2.0.116\rtl\vlog\core_obfuscated\ahbtoapbsm.v|i|1362542013|5702
Z:\russ\private\research\insight\git\sw\smartfusion\impl\libero\insight\component\Actel\DirectCore\COREAHBTOAPB3\2.0.116\rtl\vlog\core_obfuscated\penablescheduler.v|i|1362542013|1522
Z:\russ\private\research\insight\git\sw\smartfusion\impl\libero\insight\component\Actel\DirectCore\COREAHBTOAPB3\2.0.116\rtl\vlog\core_obfuscated\apbaddrdata.v|i|1362542013|2068
Z:\russ\private\research\insight\git\sw\smartfusion\impl\libero\insight\component\Actel\DirectCore\COREAHBTOAPB3\2.0.116\rtl\vlog\core_obfuscated\coreahbtoapb3.v|i|1362542013|2414
Z:\russ\private\research\insight\git\sw\smartfusion\impl\libero\insight\hdl\counter.v|i|1362552921|1828
Z:\russ\private\research\insight\git\sw\smartfusion\impl\libero\insight\hdl\fifo_32bit_apb3.v|i|1362556535|3179
Z:\russ\private\research\insight\git\sw\smartfusion\impl\libero\insight\smartgen\FIFO_PIXEL\FIFO_PIXEL.v|i|1362512824|24627
Z:\russ\private\research\insight\git\sw\smartfusion\impl\libero\insight\smartgen\FIFO_TEST_COUNTER\FIFO_TEST_COUNTER.v|i|1362513934|26048
Z:\russ\private\research\insight\git\sw\smartfusion\impl\libero\insight\hdl\inputConditioner.v|i|1362534039|1195
Z:\russ\private\research\insight\git\sw\smartfusion\impl\libero\insight\component\work\MSS_CORE2\mss_tshell.v|i|1361948014|12560
Z:\russ\private\research\insight\git\sw\smartfusion\impl\libero\insight\component\Actel\SmartFusionMSS\MSS\2.5.106\mss_comps.v|i|1357940463|11243
Z:\russ\private\research\insight\git\sw\smartfusion\impl\libero\insight\component\work\MSS_CORE2\MSS_CCC_0\MSS_CORE2_tmp_MSS_CCC_0_MSS_CCC.v|i|1361948007|2907
Z:\russ\private\research\insight\git\sw\smartfusion\impl\libero\insight\component\work\MSS_CORE2\MSS_CORE2.v|i|1361948025|25004
Z:\russ\private\research\insight\git\sw\smartfusion\impl\libero\insight\hdl\ahb.v|i|1360612688|5676
Z:\russ\private\research\insight\git\sw\smartfusion\impl\libero\insight\hdl\cr_int.v|i|1360612688|4483
Z:\russ\private\research\insight\git\sw\smartfusion\impl\libero\insight\hdl\psram_cr.v|i|1360612688|2343
Z:\russ\private\research\insight\git\sw\smartfusion\impl\libero\insight\hdl\stonyman.v|i|1362534017|52783
Z:\russ\private\research\insight\git\sw\smartfusion\impl\libero\insight\component\Actel\DirectCore\CoreAHBLite\3.1.102\rtl\vlog\core_obfuscated\coreahblite_addrdec.v|i|1360717847|7717
Z:\russ\private\research\insight\git\sw\smartfusion\impl\libero\insight\component\Actel\DirectCore\CoreAHBLite\3.1.102\rtl\vlog\core_obfuscated\coreahblite_defaultslavesm.v|i|1360717848|1299
Z:\russ\private\research\insight\git\sw\smartfusion\impl\libero\insight\component\Actel\DirectCore\CoreAHBLite\3.1.102\rtl\vlog\core_obfuscated\coreahblite_masterstage.v|i|1360717848|25186
Z:\russ\private\research\insight\git\sw\smartfusion\impl\libero\insight\component\Actel\DirectCore\CoreAHBLite\3.1.102\rtl\vlog\core_obfuscated\coreahblite_slavearbiter.v|i|1360717848|3648
Z:\russ\private\research\insight\git\sw\smartfusion\impl\libero\insight\component\Actel\DirectCore\CoreAHBLite\3.1.102\rtl\vlog\core_obfuscated\coreahblite_slavestage.v|i|1360717848|4540
Z:\russ\private\research\insight\git\sw\smartfusion\impl\libero\insight\component\Actel\DirectCore\CoreAHBLite\3.1.102\rtl\vlog\core_obfuscated\coreahblite_initcfg_awrap.v|i|1360717848|4604
Z:\russ\private\research\insight\git\sw\smartfusion\impl\libero\insight\component\Actel\DirectCore\CoreAHBLite\3.1.102\rtl\vlog\core_obfuscated\coreahblite_initcfg.v|i|1360717848|6699
Z:\russ\private\research\insight\git\sw\smartfusion\impl\libero\insight\component\Actel\DirectCore\CoreAHBLite\3.1.102\rtl\vlog\core_obfuscated\coreahblite_matrix2x16.v|i|1360717848|116411
Z:\russ\private\research\insight\git\sw\smartfusion\impl\libero\insight\component\Actel\DirectCore\CoreAHBLite\3.1.102\rtl\vlog\core_obfuscated\coreahblite.v|i|1360717848|28650
Z:\russ\private\research\insight\git\sw\smartfusion\impl\libero\insight\component\Actel\DirectCore\CoreAPB3\3.0.103\rtl\vlog\core_obfuscated\coreapb3_muxptob3.v|i|1360743577|6349
Z:\russ\private\research\insight\git\sw\smartfusion\impl\libero\insight\component\Actel\DirectCore\CoreAPB3\3.0.103\rtl\vlog\core_obfuscated\coreapb3.v|i|1360743577|20552
Z:\russ\private\research\insight\git\sw\smartfusion\impl\libero\insight\component\work\TOPLEVEL\TOPLEVEL.v|i|1362558244|46066
Z:\russ\private\research\insight\git\sw\smartfusion\impl\libero\insight\synthesis\TOPLEVEL.srr|o|1362558295|102132
C:\Microsemi\Libero_v10.1\Synopsys\synplify_F201203MSP1\bin64\c_ver.exe|i|1340030306|5529088
C:\Microsemi\Libero_v10.1\Synopsys\synplify_F201203MSP1\bin\c_ver.exe|i|1340030294|2039808
