
Starting:    C:\Microsemi\Libero_v10.1\Synopsys\synplify_F201203MSP1\win64\mbin\synbatch.exe
Install:     C:\Microsemi\Libero_v10.1\Synopsys\synplify_F201203MSP1
Date:        Sun Feb 10 20:44:34 2013
Version:     F-2012.03M-SP1 

Arguments:   -product synplify_pro  -licensetype synplifypro_actel -batch -log synplify.log mss_capture_syn.tcl
ProductType: synplify_pro

License checkout: synplifypro_actel
License: synplifypro_actel node-locked 
Licensed Vendor: actel
License Feature: actel_oem

Running in Vendor Mode



log file: "Z:\russ\private\research\insight\git\hw\impl\smartfusion\capture\synthesis\mss_capture.srr"


Running mss_capture_syn|synthesis

Running Compile on mss_capture_syn|synthesis

Running Compile Process on mss_capture_syn|synthesis

Running Compile Input on mss_capture_syn|synthesis

Copied Z:\russ\private\research\insight\git\hw\impl\smartfusion\capture\synthesis\synwork\mss_capture_compiler.srs to Z:\russ\private\research\insight\git\hw\impl\smartfusion\capture\synthesis\mss_capture.srs

compiler Completed with warnings
Return Code: 1
Run Time:0h:00m:02s


Job Compile Process completed on mss_capture_syn|synthesis

Running Premap on mss_capture_syn|synthesis

premap Completed
Return Code: 0
Run Time:0h:00m:00s


Job Compile completed on mss_capture_syn|synthesis

Running Map on mss_capture_syn|synthesis

Running Map & Optimize on mss_capture_syn|synthesis

fpga_mapper Completed with warnings
Return Code: 1
Run Time:0h:00m:01s


Job Map completed on mss_capture_syn|synthesis

Job Logic Synthesis completed on mss_capture_syn|synthesis

TCL script complete: "mss_capture_syn.tcl"

exit status=0


