Actel Designer Software
Version: 10.1.3.1
Release: v10.1 SP3

Info: The design
      Z:/russ/private/research/insight/git/hw/smartfusion/impl/meyesight/designer/impl1/TOPLEVE\
      L.adb was last modified by software version 10.1.3.1.
Opened an existing Libero design
Z:/russ/private/research/insight/git/hw/smartfusion/impl/meyesight/designer/impl1/TOPLEVEL.adb.
Warning: Overwriting the existing file:
         Z:/russ/private/research/insight/git/hw/smartfusion/impl/meyesight/designer/impl1/TOPL\
         EVEL.fdb.

The Export-map command succeeded ( 00:00:13 )
CHECKSUM: F032
Wrote to the file:
Z:\russ\private\research\insight\git\hw\smartfusion\impl\meyesight\designer\impl1\TOPLEVEL.fdb

The Export command succeeded ( 00:00:14 )
Design saved to file
Z:/russ/private/research/insight/git/hw/smartfusion/impl/meyesight/designer/impl1/TOPLEVEL.adb.

The Execute Script command succeeded ( 00:00:17 )
Design closed.

