FlashPro
Version: 9.1.5.1
Release: v9.1 SP5

Software Version: 9.1.5.1
PDB file 'C:\Actelprj\SDRv2_Linux_AHB\designer\impl1\TOPLEVEL_fp\TOPLEVEL.pdb' has been loaded
successfully.
DESIGN : TOPLEVEL;  CHECKSUM : 6385;  PDB_VERSION : 1.7
Driver : 3.0.0 build 1
programmer '51638' : FlashPro3
Opened 'C:\Actelprj\SDRv2_Linux_AHB\designer\impl1\TOPLEVEL_fp\TOPLEVEL.pro'
Info: Updating Flash Memory data from file
      C:\Actelprj\SDRv2_Linux_AHB\component\work\MSS_CORE2\MSS_ENVM_0\MSS_ENVM_0.efc.
Info: Updating FPGA Array data from file
      C:\Actelprj\SDRv2_Linux_AHB\designer\impl1\TOPLEVEL.fdb.
PDB file 'C:\Actelprj\SDRv2_Linux_AHB\designer\impl1\TOPLEVEL_fp\TOPLEVEL.pdb' has been loaded
successfully.
DESIGN : TOPLEVEL;  CHECKSUM : 6385;  PDB_VERSION : 1.7
programmer '51638' : Scan Chain...
Warning: programmer '51638' : Vpump has been selected on programmer AND an externally provided
         Vpump has also been detected. Using externally provided Vpump voltage source.
programmer '51638' : Scan Chain PASSED.
programmer '51638' : Executing action PROGRAM
programmer '51638' : EXPORT FSN[48] = 012169605c7c
programmer '51638' : Erase ...
programmer '51638' : Completed erase
programmer '51638' : Programming FPGA Array
programmer '51638' : Verifying FPGA Array
programmer '51638' :         Verifying FPGA Array -- pass
programmer '51638' : Program System Init and Boot Clients...
programmer '51638' : Program Embedded Flash Memory Module ALL....
programmer '51638' : Verify System Init and Boot Clients...
programmer '51638' : Verify Embedded Flash Memory Module ALL...
programmer '51638' : Finished: Fri Sep 14 15:35:47 2012 (Elapsed time 00:01:05)
programmer '51638' : Executing action PROGRAM PASSED.

                        o - o - o - o - o - o

Warning: Project 'TOPLEVEL' has been modified. Do you want to save it? [NO]
